<?xml version="1.0" encoding="UTF-8"?>
<!-- Generated by org.testng.reporters.JUnitXMLReporter -->
<testsuite ignored="0" hostname="DESKTOP-IU1K0EU" failures="1" tests="1" name="Test" time="8.473" errors="0" timestamp="2021-09-20T14:15:36 IST">
  <testcase classname="com.testCases.testCase1" name="testOne" time="0.009">
    <failure type="java.lang.NullPointerException" message="Cannot invoke &amp;quot;org.openqa.selenium.WebDriver.getTitle()&amp;quot; because &amp;quot;com.Pages.LoginPage.driver&amp;quot; is null">
      <![CDATA[java.lang.NullPointerException: Cannot invoke "org.openqa.selenium.WebDriver.getTitle()" because "com.Pages.LoginPage.driver" is null
at com.Pages.LoginPage.gettingTitle(LoginPage.java:12)
at com.testCases.testCase1.testOne(testCase1.java:18)
at java.base/java.util.ArrayList.forEach(ArrayList.java:1511)
... Removed 27 stack frames]]>
    </failure>
  </testcase> <!-- testOne -->
</testsuite> <!-- Test -->
