<?xml version="1.0" encoding="UTF-8"?>
<testng-results ignored="0" total="1" passed="1" failed="0" skipped="0">
  <reporter-output>
  </reporter-output>
  <suite started-at="2021-09-20T14:20:33 IST" name="Default suite" finished-at="2021-09-20T14:20:40 IST" duration-ms="7710">
    <groups>
    </groups>
    <test started-at="2021-09-20T14:20:33 IST" name="Default test" finished-at="2021-09-20T14:20:40 IST" duration-ms="7710">
      <class name="com.testCases.testCase1">
        <test-method is-config="true" signature="setup()[pri:0, instance:com.testCases.testCase1@434a63ab]" started-at="2021-09-20T14:20:33 IST" name="setup" finished-at="2021-09-20T14:20:40 IST" duration-ms="7655" status="PASS">
          <reporter-output>
          </reporter-output>
        </test-method> <!-- setup -->
        <test-method signature="testOne()[pri:0, instance:com.testCases.testCase1@434a63ab]" started-at="2021-09-20T14:20:40 IST" name="testOne" finished-at="2021-09-20T14:20:40 IST" duration-ms="11" status="PASS">
          <reporter-output>
          </reporter-output>
        </test-method> <!-- testOne -->
      </class> <!-- com.testCases.testCase1 -->
    </test> <!-- Default test -->
  </suite> <!-- Default suite -->
</testng-results>
