<?xml version="1.0" encoding="UTF-8"?>
<!-- Generated by org.testng.reporters.JUnitXMLReporter -->
<testsuite ignored="0" hostname="DESKTOP-IU1K0EU" failures="0" tests="4" name="Test" time="0.047" errors="0" timestamp="2021-09-16T15:01:14 IST">
  <testcase classname="testNG.Day3" name="mobileLogin" time="0.007"/>
  <testcase classname="testNG.Day3" name="pcLogin" time="0.001"/>
  <testcase classname="testNG.Day3" name="webLogin" time="0.0"/>
  <testcase classname="testNG.Demo" name="demo1" time="0.001"/>
</testsuite> <!-- Test -->
