<?xml version="1.0" encoding="UTF-8"?>
<testng-results ignored="0" total="4" passed="4" failed="0" skipped="0">
  <reporter-output>
  </reporter-output>
  <suite started-at="2021-09-16T15:01:14 IST" name="Suite" finished-at="2021-09-16T15:01:14 IST" duration-ms="47">
    <groups>
    </groups>
    <test started-at="2021-09-16T15:01:14 IST" name="Test" finished-at="2021-09-16T15:01:14 IST" duration-ms="47">
      <class name="testNG.Demo">
        <test-method signature="demo1()[pri:0, instance:testNG.Demo@3e84448c]" started-at="2021-09-16T15:01:14 IST" name="demo1" finished-at="2021-09-16T15:01:14 IST" duration-ms="1" status="PASS">
          <reporter-output>
          </reporter-output>
        </test-method> <!-- demo1 -->
      </class> <!-- testNG.Demo -->
      <class name="testNG.Day3">
        <test-method signature="mobileLogin()[pri:0, instance:testNG.Day3@3514a4c0]" started-at="2021-09-16T15:01:14 IST" name="mobileLogin" finished-at="2021-09-16T15:01:14 IST" duration-ms="7" status="PASS">
          <reporter-output>
          </reporter-output>
        </test-method> <!-- mobileLogin -->
        <test-method signature="pcLogin()[pri:0, instance:testNG.Day3@3514a4c0]" started-at="2021-09-16T15:01:14 IST" name="pcLogin" finished-at="2021-09-16T15:01:14 IST" duration-ms="1" status="PASS">
          <reporter-output>
          </reporter-output>
        </test-method> <!-- pcLogin -->
        <test-method signature="webLogin()[pri:0, instance:testNG.Day3@3514a4c0]" started-at="2021-09-16T15:01:14 IST" name="webLogin" finished-at="2021-09-16T15:01:14 IST" duration-ms="0" status="PASS">
          <reporter-output>
          </reporter-output>
        </test-method> <!-- webLogin -->
      </class> <!-- testNG.Day3 -->
    </test> <!-- Test -->
  </suite> <!-- Suite -->
</testng-results>
