<?xml version="1.0" encoding="UTF-8"?>
<testng-results ignored="0" total="1" passed="1" failed="0" skipped="0">
  <reporter-output>
  </reporter-output>
  <suite started-at="2021-09-20T16:32:29 IST" name="Suite" finished-at="2021-09-20T16:32:43 IST" duration-ms="14498">
    <groups>
    </groups>
    <test started-at="2021-09-20T16:32:29 IST" name="Test" finished-at="2021-09-20T16:32:43 IST" duration-ms="14498">
      <class name="com.testCases.LoginPageTest">
        <test-method is-config="true" signature="setup()[pri:0, instance:com.testCases.LoginPageTest@2ea41516]" started-at="2021-09-20T16:32:29 IST" name="setup" finished-at="2021-09-20T16:32:42 IST" duration-ms="13556" status="PASS">
          <reporter-output>
          </reporter-output>
        </test-method> <!-- setup -->
        <test-method signature="loginPageTitleTest()[pri:0, instance:com.testCases.LoginPageTest@2ea41516]" started-at="2021-09-20T16:32:42 IST" name="loginPageTitleTest" finished-at="2021-09-20T16:32:42 IST" duration-ms="13" status="PASS">
          <reporter-output>
          </reporter-output>
        </test-method> <!-- loginPageTitleTest -->
        <test-method is-config="true" signature="quit()[pri:0, instance:com.testCases.LoginPageTest@2ea41516]" started-at="2021-09-20T16:32:42 IST" name="quit" finished-at="2021-09-20T16:32:43 IST" duration-ms="883" status="PASS">
          <reporter-output>
          </reporter-output>
        </test-method> <!-- quit -->
      </class> <!-- com.testCases.LoginPageTest -->
    </test> <!-- Test -->
  </suite> <!-- Suite -->
</testng-results>
